<?xml version="1.0" encoding="UTF-8"?>
<testsuite name="EtlTest" tests="4" skipped="0" failures="0" errors="0" timestamp="2016-06-23T03:31:31" hostname="ITHAA1DBRALEY1" time="0.103">
  <properties/>
  <testcase name="testTransformOneValue" classname="EtlTest" time="0.097"/>
  <testcase name="testTransformMoreValues" classname="EtlTest" time="0.002"/>
  <testcase name="testMoreKeys" classname="EtlTest" time="0.003"/>
  <testcase name="testFullDataset" classname="EtlTest" time="0.001"/>
  <system-out><![CDATA[]]></system-out>
  <system-err><![CDATA[]]></system-err>
</testsuite>
