<?xml version="1.0" encoding="UTF-8"?>
<testsuite name="BinaryTest" tests="13" skipped="0" failures="0" errors="0" timestamp="2016-07-27T02:05:40" hostname="ITHAA1DBRALEY1" time="0.006">
  <properties/>
  <testcase name="test[0]" classname="BinaryTest" time="0.001"/>
  <testcase name="test[1]" classname="BinaryTest" time="0.0"/>
  <testcase name="test[2]" classname="BinaryTest" time="0.0"/>
  <testcase name="test[3]" classname="BinaryTest" time="0.0"/>
  <testcase name="test[4]" classname="BinaryTest" time="0.0"/>
  <testcase name="test[5]" classname="BinaryTest" time="0.001"/>
  <testcase name="test[6]" classname="BinaryTest" time="0.0"/>
  <testcase name="test[7]" classname="BinaryTest" time="0.0"/>
  <testcase name="test[8]" classname="BinaryTest" time="0.0"/>
  <testcase name="test[9]" classname="BinaryTest" time="0.0"/>
  <testcase name="test[10]" classname="BinaryTest" time="0.0"/>
  <testcase name="test[11]" classname="BinaryTest" time="0.0"/>
  <testcase name="test[12]" classname="BinaryTest" time="0.0"/>
  <system-out><![CDATA[]]></system-out>
  <system-err><![CDATA[]]></system-err>
</testsuite>
