<?xml version="1.0" encoding="UTF-8"?>
<testsuite name="RobotTest" tests="3" skipped="0" failures="0" errors="0" timestamp="2016-07-14T21:25:24" hostname="ITHAA1DBRALEY1" time="0.002">
  <properties/>
  <testcase name="hasName" classname="RobotTest" time="0.001"/>
  <testcase name="resetName" classname="RobotTest" time="0.001"/>
  <testcase name="differentRobotsHaveDifferentNames" classname="RobotTest" time="0.0"/>
  <system-out><![CDATA[]]></system-out>
  <system-err><![CDATA[]]></system-err>
</testsuite>
