<?xml version="1.0" encoding="UTF-8"?>
<testsuite name="PerformanceTestsExperimental" tests="2" skipped="2" failures="0" errors="0" timestamp="2016-07-14T21:25:24" hostname="ITHAA1DBRALEY1" time="0.0">
  <properties/>
  <testcase name="solE" classname="PerformanceTestsExperimental" time="0.0">
    <skipped/>
  </testcase>
  <testcase name="baseline" classname="PerformanceTestsExperimental" time="0.0">
    <skipped/>
  </testcase>
  <system-out><![CDATA[]]></system-out>
  <system-err><![CDATA[]]></system-err>
</testsuite>
